$ tsup
CLI Building entry: src/index.ts
CLI Using tsconfig: tsconfig.json
CLI tsup v8.5.1
CLI Using tsup config: /Users/thegreataxios/projects/armory/packages/tokens/tsup.config.ts
CLI Target: esnext
CLI Cleaning output folder
ESM Build start
ESM dist/index.js 3.93 KB
ESM ⚡️ Build success in 4ms
DTS Build start
src/index.ts(1,34): error TS7016: Could not find a declaration file for module '@armory-sh/base'. '/Users/thegreataxios/projects/armory/packages/core/dist/index.js' implicitly has an 'any' type.
  Try `npm i --save-dev @types/armory-sh__base` if it exists or add a new declaration (.d.ts) file containing `declare module '@armory-sh/base';`

Error: error occurred in dts build
    at Worker.<anonymous> (/Users/thegreataxios/projects/armory/node_modules/.bun/tsup@8.5.1+1fb4c65d43e298b9/node_modules/tsup/dist/index.js:1545:26)
    at Worker.emit (node:events:508:28)
    at MessagePort.<anonymous> (node:internal/worker:331:53)
    at [nodejs.internal.kHybridDispatch] (node:internal/event_target:845:20)
    at MessagePort.<anonymous> (node:internal/per_context/messageport:23:28)
DTS Build error
error: script "build" exited with code 1
